{"uid":"1ae28fb51ea01222","name":"testFullRequestReturns200","fullName":"school.redrover.api.restassured.MockUserTest.testFullRequestReturns200","historyId":"fbb50abd19488326967ea0596739232b","time":{"start":1740496941531,"stop":1740496941531,"duration":0},"description":"001 Create user with valid data","descriptionHtml":"<p>001 Create user with valid data</p>\n","status":"skipped","statusMessage":"Skipping MockUserTest: Not running in QA environment","statusTrace":"org.testng.SkipException: Skipping MockUserTest: Not running in QA environment\n\tat school.redrover.api.restassured.MockUserTest.stubs(MockUserTest.java:25)\n\tat java.base/jdk.internal.reflect.NativeMethodAccessorImpl.invoke0(Native Method)\n\tat java.base/jdk.internal.reflect.NativeMethodAccessorImpl.invoke(NativeMethodAccessorImpl.java:77)\n\tat java.base/jdk.internal.reflect.DelegatingMethodAccessorImpl.invoke(DelegatingMethodAccessorImpl.java:43)\n\tat java.base/java.lang.reflect.Method.invoke(Method.java:569)\n\tat org.testng.internal.invokers.MethodInvocationHelper.invokeMethod(MethodInvocationHelper.java:141)\n\tat org.testng.internal.invokers.MethodInvocationHelper.invokeMethodConsideringTimeout(MethodInvocationHelper.java:71)\n\tat org.testng.internal.invokers.ConfigInvoker.invokeConfigurationMethod(ConfigInvoker.java:400)\n\tat org.testng.internal.invokers.ConfigInvoker.invokeConfigurations(ConfigInvoker.java:333)\n\tat org.testng.internal.invokers.TestMethodWorker.invokeBeforeClassMethods(TestMethodWorker.java:188)\n\tat org.testng.internal.invokers.TestMethodWorker.run(TestMethodWorker.java:128)\n\tat java.base/java.util.ArrayList.forEach(ArrayList.java:1511)\n\tat org.testng.TestRunner.privateRun(TestRunner.java:739)\n\tat org.testng.TestRunner.run(TestRunner.java:614)\n\tat org.testng.SuiteRunner.runTest(SuiteRunner.java:421)\n\tat org.testng.SuiteRunner.runSequentially(SuiteRunner.java:413)\n\tat org.testng.SuiteRunner.privateRun(SuiteRunner.java:373)\n\tat org.testng.SuiteRunner.run(SuiteRunner.java:312)\n\tat org.testng.SuiteRunnerWorker.runSuite(SuiteRunnerWorker.java:52)\n\tat org.testng.SuiteRunnerWorker.run(SuiteRunnerWorker.java:95)\n\tat org.testng.TestNG.runSuitesSequentially(TestNG.java:1274)\n\tat org.testng.TestNG.runSuitesLocally(TestNG.java:1208)\n\tat org.testng.TestNG.runSuites(TestNG.java:1112)\n\tat org.testng.TestNG.run(TestNG.java:1079)\n\tat org.apache.maven.surefire.testng.TestNGExecutor.run(TestNGExecutor.java:155)\n\tat org.apache.maven.surefire.testng.TestNGDirectoryTestSuite.executeMulti(TestNGDirectoryTestSuite.java:169)\n\tat org.apache.maven.surefire.testng.TestNGDirectoryTestSuite.execute(TestNGDirectoryTestSuite.java:88)\n\tat org.apache.maven.surefire.testng.TestNGProvider.invoke(TestNGProvider.java:137)\n\tat org.apache.maven.surefire.booter.ForkedBooter.runSuitesInProcess(ForkedBooter.java:385)\n\tat org.apache.maven.surefire.booter.ForkedBooter.execute(ForkedBooter.java:162)\n\tat org.apache.maven.surefire.booter.ForkedBooter.run(ForkedBooter.java:507)\n\tat org.apache.maven.surefire.booter.ForkedBooter.main(ForkedBooter.java:495)\n","flaky":false,"newFailed":false,"newBroken":false,"newPassed":false,"retriesCount":0,"retriesStatusChange":false,"beforeStages":[{"name":"setup","time":{"start":1740496941280,"stop":1740496941528,"duration":248},"description":"","status":"passed","steps":[],"attachments":[],"parameters":[],"shouldDisplayMessage":false,"stepsCount":0,"attachmentsCount":0,"hasContent":false,"attachmentStep":false},{"name":"stubs","time":{"start":1740496941528,"stop":1740496941529,"duration":1},"description":"","status":"broken","statusMessage":"Skipping MockUserTest: Not running in QA environment","statusTrace":"org.testng.SkipException: Skipping MockUserTest: Not running in QA environment\n\tat school.redrover.api.restassured.MockUserTest.stubs(MockUserTest.java:25)\n\tat java.base/jdk.internal.reflect.NativeMethodAccessorImpl.invoke0(Native Method)\n\tat java.base/jdk.internal.reflect.NativeMethodAccessorImpl.invoke(NativeMethodAccessorImpl.java:77)\n\tat java.base/jdk.internal.reflect.DelegatingMethodAccessorImpl.invoke(DelegatingMethodAccessorImpl.java:43)\n\tat java.base/java.lang.reflect.Method.invoke(Method.java:569)\n\tat org.testng.internal.invokers.MethodInvocationHelper.invokeMethod(MethodInvocationHelper.java:141)\n\tat org.testng.internal.invokers.MethodInvocationHelper.invokeMethodConsideringTimeout(MethodInvocationHelper.java:71)\n\tat org.testng.internal.invokers.ConfigInvoker.invokeConfigurationMethod(ConfigInvoker.java:400)\n\tat org.testng.internal.invokers.ConfigInvoker.invokeConfigurations(ConfigInvoker.java:333)\n\tat org.testng.internal.invokers.TestMethodWorker.invokeBeforeClassMethods(TestMethodWorker.java:188)\n\tat org.testng.internal.invokers.TestMethodWorker.run(TestMethodWorker.java:128)\n\tat java.base/java.util.ArrayList.forEach(ArrayList.java:1511)\n\tat org.testng.TestRunner.privateRun(TestRunner.java:739)\n\tat org.testng.TestRunner.run(TestRunner.java:614)\n\tat org.testng.SuiteRunner.runTest(SuiteRunner.java:421)\n\tat org.testng.SuiteRunner.runSequentially(SuiteRunner.java:413)\n\tat org.testng.SuiteRunner.privateRun(SuiteRunner.java:373)\n\tat org.testng.SuiteRunner.run(SuiteRunner.java:312)\n\tat org.testng.SuiteRunnerWorker.runSuite(SuiteRunnerWorker.java:52)\n\tat org.testng.SuiteRunnerWorker.run(SuiteRunnerWorker.java:95)\n\tat org.testng.TestNG.runSuitesSequentially(TestNG.java:1274)\n\tat org.testng.TestNG.runSuitesLocally(TestNG.java:1208)\n\tat org.testng.TestNG.runSuites(TestNG.java:1112)\n\tat org.testng.TestNG.run(TestNG.java:1079)\n\tat org.apache.maven.surefire.testng.TestNGExecutor.run(TestNGExecutor.java:155)\n\tat org.apache.maven.surefire.testng.TestNGDirectoryTestSuite.executeMulti(TestNGDirectoryTestSuite.java:169)\n\tat org.apache.maven.surefire.testng.TestNGDirectoryTestSuite.execute(TestNGDirectoryTestSuite.java:88)\n\tat org.apache.maven.surefire.testng.TestNGProvider.invoke(TestNGProvider.java:137)\n\tat org.apache.maven.surefire.booter.ForkedBooter.runSuitesInProcess(ForkedBooter.java:385)\n\tat org.apache.maven.surefire.booter.ForkedBooter.execute(ForkedBooter.java:162)\n\tat org.apache.maven.surefire.booter.ForkedBooter.run(ForkedBooter.java:507)\n\tat org.apache.maven.surefire.booter.ForkedBooter.main(ForkedBooter.java:495)\n","steps":[],"attachments":[],"parameters":[],"shouldDisplayMessage":true,"stepsCount":0,"attachmentsCount":0,"hasContent":true,"attachmentStep":false}],"afterStages":[{"name":"teardown","time":{"start":1740496941534,"stop":1740496941534,"duration":0},"description":"","status":"broken","steps":[],"attachments":[],"parameters":[],"shouldDisplayMessage":false,"stepsCount":0,"attachmentsCount":0,"hasContent":false,"attachmentStep":false}],"labels":[{"name":"package","value":"school.redrover.api.restassured.MockUserTest"},{"name":"testClass","value":"school.redrover.api.restassured.MockUserTest"},{"name":"testMethod","value":"testFullRequestReturns200"},{"name":"parentSuite","value":"Surefire suite"},{"name":"suite","value":"Surefire test"},{"name":"subSuite","value":"school.redrover.api.restassured.MockUserTest"},{"name":"host","value":"fv-az1934-680"},{"name":"thread","value":"2798@fv-az1934-680.main(1)"},{"name":"framework","value":"testng"},{"name":"language","value":"java"},{"name":"epic","value":"API"},{"name":"feature","value":"Mock user"},{"name":"resultFormat","value":"allure2"}],"parameters":[],"links":[],"hidden":false,"retry":false,"extra":{"severity":"normal","retries":[],"categories":[],"history":{"statistic":{"failed":0,"broken":0,"skipped":63,"passed":0,"unknown":0,"total":63},"items":[{"uid":"1a1d44ba5aca07d9","reportUrl":"https://RedRoverSchool.github.io/JenkinsQA_2024_fall/2843//#testresult/1a1d44ba5aca07d9","status":"skipped","statusDetails":"Skipping MockUserTest: Not running in QA environment","time":{"start":1740495562499,"stop":1740495562499,"duration":0}},{"uid":"bd7ddc43e442041f","reportUrl":"https://RedRoverSchool.github.io/JenkinsQA_2024_fall/2842//#testresult/bd7ddc43e442041f","status":"skipped","statusDetails":"Skipping MockUserTest: Not running in QA environment","time":{"start":1740476027918,"stop":1740476027919,"duration":1}},{"uid":"5c2a8c95a316996a","reportUrl":"https://RedRoverSchool.github.io/JenkinsQA_2024_fall/2840//#testresult/5c2a8c95a316996a","status":"skipped","statusDetails":"Skipping MockUserTest: Not running in QA environment","time":{"start":1740453696561,"stop":1740453696561,"duration":0}},{"uid":"1c17b28ecadb0f62","reportUrl":"https://RedRoverSchool.github.io/JenkinsQA_2024_fall/2839//#testresult/1c17b28ecadb0f62","status":"skipped","statusDetails":"Skipping MockUserTest: Not running in QA environment","time":{"start":1740412730756,"stop":1740412730756,"duration":0}},{"uid":"ad558836e81b9135","reportUrl":"https://RedRoverSchool.github.io/JenkinsQA_2024_fall/2838//#testresult/ad558836e81b9135","status":"skipped","statusDetails":"Skipping MockUserTest: Not running in QA environment","time":{"start":1740382559495,"stop":1740382559495,"duration":0}},{"uid":"a194064c3c677367","reportUrl":"https://RedRoverSchool.github.io/JenkinsQA_2024_fall/2836//#testresult/a194064c3c677367","status":"skipped","statusDetails":"Skipping MockUserTest: Not running in QA environment","time":{"start":1740366219417,"stop":1740366219417,"duration":0}},{"uid":"3451ac6ceb1efd8","reportUrl":"https://RedRoverSchool.github.io/JenkinsQA_2024_fall/2835//#testresult/3451ac6ceb1efd8","status":"skipped","statusDetails":"Skipping MockUserTest: Not running in QA environment","time":{"start":1740306015935,"stop":1740306015935,"duration":0}},{"uid":"dc47dd80ab8d9528","reportUrl":"https://RedRoverSchool.github.io/JenkinsQA_2024_fall/2834//#testresult/dc47dd80ab8d9528","status":"skipped","statusDetails":"Skipping MockUserTest: Not running in QA environment","time":{"start":1740206953926,"stop":1740206953926,"duration":0}},{"uid":"31571aea696da5ae","reportUrl":"https://RedRoverSchool.github.io/JenkinsQA_2024_fall/2833//#testresult/31571aea696da5ae","status":"skipped","statusDetails":"Skipping MockUserTest: Not running in QA environment","time":{"start":1740195335056,"stop":1740195335057,"duration":1}},{"uid":"3c40e378aaad827f","reportUrl":"https://RedRoverSchool.github.io/JenkinsQA_2024_fall/2832//#testresult/3c40e378aaad827f","status":"skipped","statusDetails":"Skipping MockUserTest: Not running in QA environment","time":{"start":1740144981156,"stop":1740144981156,"duration":0}},{"uid":"c8aab82ef5bc9b7f","reportUrl":"https://RedRoverSchool.github.io/JenkinsQA_2024_fall/2827//#testresult/c8aab82ef5bc9b7f","status":"skipped","statusDetails":"Skipping MockUserTest: Not running in QA environment","time":{"start":1739906836494,"stop":1739906836494,"duration":0}},{"uid":"ec8b84bf906a37ea","reportUrl":"https://RedRoverSchool.github.io/JenkinsQA_2024_fall/2826//#testresult/ec8b84bf906a37ea","status":"skipped","statusDetails":"Skipping MockUserTest: Not running in QA environment","time":{"start":1739891054491,"stop":1739891054491,"duration":0}},{"uid":"b8642a9b5181a5f0","reportUrl":"https://RedRoverSchool.github.io/JenkinsQA_2024_fall/2820//#testresult/b8642a9b5181a5f0","status":"skipped","statusDetails":"Skipping MockUserTest: Not running in QA environment","time":{"start":1739858424513,"stop":1739858424513,"duration":0}},{"uid":"4f3d384c91f9ac96","reportUrl":"https://RedRoverSchool.github.io/JenkinsQA_2024_fall/2820//#testresult/4f3d384c91f9ac96","status":"skipped","statusDetails":"Skipping MockUserTest: Not running in QA environment","time":{"start":1739857122416,"stop":1739857122416,"duration":0}},{"uid":"697bc10e303329c0","reportUrl":"https://RedRoverSchool.github.io/JenkinsQA_2024_fall/2819//#testresult/697bc10e303329c0","status":"skipped","statusDetails":"Skipping MockUserTest: Not running in QA environment","time":{"start":1739766029651,"stop":1739766029651,"duration":0}},{"uid":"8441ca5d7aa9be6f","reportUrl":"https://RedRoverSchool.github.io/JenkinsQA_2024_fall/2818//#testresult/8441ca5d7aa9be6f","status":"skipped","statusDetails":"Skipping MockUserTest: Not running in QA environment","time":{"start":1739647432911,"stop":1739647432911,"duration":0}},{"uid":"deaa970e7a58458b","reportUrl":"https://RedRoverSchool.github.io/JenkinsQA_2024_fall/2817//#testresult/deaa970e7a58458b","status":"skipped","statusDetails":"Skipping MockUserTest: Not running in QA environment","time":{"start":1739631629873,"stop":1739631629874,"duration":1}},{"uid":"1f35b829ddf67c30","reportUrl":"https://RedRoverSchool.github.io/JenkinsQA_2024_fall/2816//#testresult/1f35b829ddf67c30","status":"skipped","statusDetails":"Skipping MockUserTest: Not running in QA environment","time":{"start":1739625620208,"stop":1739625620208,"duration":0}},{"uid":"c7ce1de9abd4a64c","reportUrl":"https://RedRoverSchool.github.io/JenkinsQA_2024_fall/2815//#testresult/c7ce1de9abd4a64c","status":"skipped","statusDetails":"Skipping MockUserTest: Not running in QA environment","time":{"start":1739622238522,"stop":1739622238522,"duration":0}},{"uid":"21ba776178e48553","reportUrl":"https://RedRoverSchool.github.io/JenkinsQA_2024_fall/2814//#testresult/21ba776178e48553","status":"skipped","statusDetails":"Skipping MockUserTest: Not running in QA environment","time":{"start":1739615764796,"stop":1739615764797,"duration":1}}]},"tags":[]},"source":"1ae28fb51ea01222.json","parameterValues":[]}